<?xml version="1.0" encoding="utf-8"?><testsuites name="pytest tests"><testsuite name="pytest" errors="0" failures="0" skipped="0" tests="6" time="63.449" timestamp="2026-07-02T15:52:16.972561+00:00" hostname="agent-env-9f11572f-ef4d-4121-a138-eeb79a426d21"><testcase classname="tests.test_briefing" name="test_briefing_success" time="0.260" /><testcase classname="tests.test_briefing" name="test_briefing_missing_key" time="0.192" /><testcase classname="tests.test_briefing" name="test_briefing_wrong_key" time="0.119" /><testcase classname="tests.test_briefing" name="test_briefing_missing_fields" time="0.122" /><testcase classname="tests.test_briefing" name="test_briefing_empty_string_field" time="0.130" /><testcase classname="tests.test_briefing" name="test_rate_limiting" time="62.029" /></testsuite></testsuites>